Estat 60conflictes: 1 reduce/reduce


Gramàtica

    0 $accept: programa $end

    1 programa: ε
    2         | llista_inst

    3 llista_inst: instruccio
    4            | llista_inst instruccio

    5 instruccio: declaracio ';'
    6           | assignacio ';'
    7           | operacio ';'
    8           | instruccio_if
    9           | instruccio_while
   10           | instruccio_do
   11           | instruccio_for
   12           | crida_a_funcio ';'
   13           | error ';'

   14 instruccio_for: FOR1 '(' llista_inst ')' FOR2 '(' llista_inst ')' FOR3 '(' condicio ')' '{' llista_inst '}'

   15 instruccio_do: DO '{' llista_inst '}' WHILE '(' condicio ')' ';'

   16 instruccio_while: WHILE '(' condicio ')' '{' llista_inst '}'

   17 crida_a_funcio: IDEN '(' parametres ')'
   18               | IDEN '(' ')'

   19 parametres: expr
   20           | expr ',' parametres

   21 operacio: IDEN operador_assignador expr

   22 operador_assignador: ADDTO
   23                    | SUBFROM
   24                    | MULTBY
   25                    | DIVBY

   26 instruccio_if: IF '(' condicio ')' '{' llista_inst final_if

   27 final_if: '}'
   28         | '}' ELSE '(' condicio ')' '{' llista_inst final_if
   29         | '}' ELSE '{' llista_inst '}'

   30 assignacio: IDEN '=' expr

   31 assignacio_dec: IDEN '=' expr

   32 declaracio: tipus declaracio_variable

   33 declaracio_variable: declaracio_amb_IDEN
   34                    | declaracio_variable ',' declaracio_amb_IDEN

   35 declaracio_amb_IDEN: assignacio_dec
   36                    | IDEN

   37 expr: IDEN
   38     | '(' expr ')'
   39     | expr '+' expr
   40     | expr '-' expr
   41     | expr DIV expr
   42     | expr '*' expr
   43     | expr MOD expr
   44     | expr INTDIV expr
   45     | expr POWER expr
   46     | '-' expr
   47     | crida_a_funcio
   48     | CADENA
   49     | ENTER
   50     | REAL
   51     | CARACTER
   52     | BOOLEAN

   53 condicio: '(' condicio ')'
   54         | NOT condicio
   55         | condicio AND condicio
   56         | condicio OR condicio
   57         | condicio IMPLICA condicio
   58         | condicio IMPLICADOB condicio
   59         | expr comparacio expr
   60         | BOOLEAN

   61 comparacio: EQ
   62           | NE
   63           | LT
   64           | LTE
   65           | GT
   66           | GTE

   67 tipus: INT
   68      | BOOL
   69      | CHAR
   70      | FLOAT
   71      | STRING


Terminals, amb regles on apareixen

    $end (0) 0
    '(' (40) 14 15 16 17 18 26 28 38 53
    ')' (41) 14 15 16 17 18 26 28 38 53
    '*' (42) 42
    '+' (43) 39
    ',' (44) 20 34
    '-' (45) 40 46
    ';' (59) 5 6 7 12 13 15
    '=' (61) 30 31
    '{' (123) 14 15 16 26 28 29
    '}' (125) 14 15 16 27 28 29
    error (256) 13
    INT <valor_enter> (258) 67
    BOOL <valor_enter> (259) 68
    CHAR <valor_enter> (260) 69
    FLOAT <valor_enter> (261) 70
    ENTER <valor_enter> (262) 49
    REAL <valor_enter> (263) 50
    IDEN <variable> (264) 17 18 21 30 31 36 37
    CARACTER <valor_enter> (265) 51
    BOOLEAN <valor_enter> (266) 52 60
    STRING <valor_enter> (267) 71
    CADENA <valor_enter> (268) 48
    IF (269) 26
    ELSE (270) 28 29
    DO (271) 15
    WHILE (272) 15 16
    FOR1 (273) 14
    FOR2 (274) 14
    FOR3 (275) 14
    ADDTO (276) 22
    SUBFROM (277) 23
    MULTBY (278) 24
    DIVBY (279) 25
    NOT (280) 54
    AND (281) 55
    OR (282) 56
    IMPLICA (283) 57
    IMPLICADOB (284) 58
    LT (285) 63
    GT (286) 65
    GTE (287) 66
    LTE (288) 64
    EQ (289) 61
    NE (290) 62
    DIV (291) 41
    MOD (292) 43
    INTDIV (293) 44
    POWER (294) 45
    UMENYS (295)


No-terminals, amb regles on apareixen

    $accept (51)
        on left: 0
    programa <sense_atribut> (52)
        on left: 1 2
        on right: 0
    llista_inst <sense_atribut> (53)
        on left: 3 4
        on right: 2 4 14 15 16 26 28 29
    instruccio <sense_atribut> (54)
        on left: 5 6 7 8 9 10 11 12 13
        on right: 3 4
    instruccio_for (55)
        on left: 14
        on right: 11
    instruccio_do (56)
        on left: 15
        on right: 10
    instruccio_while <sense_atribut> (57)
        on left: 16
        on right: 9
    crida_a_funcio <sense_atribut> (58)
        on left: 17 18
        on right: 12 47
    parametres <sense_atribut> (59)
        on left: 19 20
        on right: 17 20
    operacio <valor_enter> (60)
        on left: 21
        on right: 7
    operador_assignador <valor_enter> (61)
        on left: 22 23 24 25
        on right: 21
    instruccio_if (62)
        on left: 26
        on right: 8
    final_if (63)
        on left: 27 28 29
        on right: 26 28
    assignacio <valor_enter> (64)
        on left: 30
        on right: 6
    assignacio_dec <valor_enter> (65)
        on left: 31
        on right: 35
    declaracio <valor_enter> (66)
        on left: 32
        on right: 5
    declaracio_variable <valor_enter> (67)
        on left: 33 34
        on right: 32 34
    declaracio_amb_IDEN <valor_enter> (68)
        on left: 35 36
        on right: 33 34
    expr <valor_enter> (69)
        on left: 37 38 39 40 41 42 43 44 45 46 47 48 49 50 51 52
        on right: 19 20 21 30 31 38 39 40 41 42 43 44 45 46 59
    condicio <sense_atribut> (70)
        on left: 53 54 55 56 57 58 59 60
        on right: 14 15 16 26 28 53 54 55 56 57 58
    comparacio <sense_atribut> (71)
        on left: 61 62 63 64 65 66
        on right: 59
    tipus <valor_enter> (72)
        on left: 67 68 69 70 71
        on right: 32


Estat 0

    0 $accept: • programa $end

    error   fes un shift, i ves a l'estat 1
    INT     fes un shift, i ves a l'estat 2
    BOOL    fes un shift, i ves a l'estat 3
    CHAR    fes un shift, i ves a l'estat 4
    FLOAT   fes un shift, i ves a l'estat 5
    IDEN    fes un shift, i ves a l'estat 6
    STRING  fes un shift, i ves a l'estat 7
    IF      fes un shift, i ves a l'estat 8
    DO      fes un shift, i ves a l'estat 9
    WHILE   fes un shift, i ves a l'estat 10
    FOR1    fes un shift, i ves a l'estat 11

    $end  redueix usant la regla 1 (programa)

    programa          ves a l'estat 12
    llista_inst       ves a l'estat 13
    instruccio        ves a l'estat 14
    instruccio_for    ves a l'estat 15
    instruccio_do     ves a l'estat 16
    instruccio_while  ves a l'estat 17
    crida_a_funcio    ves a l'estat 18
    operacio          ves a l'estat 19
    instruccio_if     ves a l'estat 20
    assignacio        ves a l'estat 21
    declaracio        ves a l'estat 22
    tipus             ves a l'estat 23


Estat 1

   13 instruccio: error • ';'

    ';'  fes un shift, i ves a l'estat 24


Estat 2

   67 tipus: INT •

    $default  redueix usant la regla 67 (tipus)


Estat 3

   68 tipus: BOOL •

    $default  redueix usant la regla 68 (tipus)


Estat 4

   69 tipus: CHAR •

    $default  redueix usant la regla 69 (tipus)


Estat 5

   70 tipus: FLOAT •

    $default  redueix usant la regla 70 (tipus)


Estat 6

   17 crida_a_funcio: IDEN • '(' parametres ')'
   18               | IDEN • '(' ')'
   21 operacio: IDEN • operador_assignador expr
   30 assignacio: IDEN • '=' expr

    ADDTO    fes un shift, i ves a l'estat 25
    SUBFROM  fes un shift, i ves a l'estat 26
    MULTBY   fes un shift, i ves a l'estat 27
    DIVBY    fes un shift, i ves a l'estat 28
    '('      fes un shift, i ves a l'estat 29
    '='      fes un shift, i ves a l'estat 30

    operador_assignador  ves a l'estat 31


Estat 7

   71 tipus: STRING •

    $default  redueix usant la regla 71 (tipus)


Estat 8

   26 instruccio_if: IF • '(' condicio ')' '{' llista_inst final_if

    '('  fes un shift, i ves a l'estat 32


Estat 9

   15 instruccio_do: DO • '{' llista_inst '}' WHILE '(' condicio ')' ';'

    '{'  fes un shift, i ves a l'estat 33


Estat 10

   16 instruccio_while: WHILE • '(' condicio ')' '{' llista_inst '}'

    '('  fes un shift, i ves a l'estat 34


Estat 11

   14 instruccio_for: FOR1 • '(' llista_inst ')' FOR2 '(' llista_inst ')' FOR3 '(' condicio ')' '{' llista_inst '}'

    '('  fes un shift, i ves a l'estat 35


Estat 12

    0 $accept: programa • $end

    $end  fes un shift, i ves a l'estat 36


Estat 13

    2 programa: llista_inst •
    4 llista_inst: llista_inst • instruccio

    error   fes un shift, i ves a l'estat 1
    INT     fes un shift, i ves a l'estat 2
    BOOL    fes un shift, i ves a l'estat 3
    CHAR    fes un shift, i ves a l'estat 4
    FLOAT   fes un shift, i ves a l'estat 5
    IDEN    fes un shift, i ves a l'estat 6
    STRING  fes un shift, i ves a l'estat 7
    IF      fes un shift, i ves a l'estat 8
    DO      fes un shift, i ves a l'estat 9
    WHILE   fes un shift, i ves a l'estat 10
    FOR1    fes un shift, i ves a l'estat 11

    $end  redueix usant la regla 2 (programa)

    instruccio        ves a l'estat 37
    instruccio_for    ves a l'estat 15
    instruccio_do     ves a l'estat 16
    instruccio_while  ves a l'estat 17
    crida_a_funcio    ves a l'estat 18
    operacio          ves a l'estat 19
    instruccio_if     ves a l'estat 20
    assignacio        ves a l'estat 21
    declaracio        ves a l'estat 22
    tipus             ves a l'estat 23


Estat 14

    3 llista_inst: instruccio •

    $default  redueix usant la regla 3 (llista_inst)


Estat 15

   11 instruccio: instruccio_for •

    $default  redueix usant la regla 11 (instruccio)


Estat 16

   10 instruccio: instruccio_do •

    $default  redueix usant la regla 10 (instruccio)


Estat 17

    9 instruccio: instruccio_while •

    $default  redueix usant la regla 9 (instruccio)


Estat 18

   12 instruccio: crida_a_funcio • ';'

    ';'  fes un shift, i ves a l'estat 38


Estat 19

    7 instruccio: operacio • ';'

    ';'  fes un shift, i ves a l'estat 39


Estat 20

    8 instruccio: instruccio_if •

    $default  redueix usant la regla 8 (instruccio)


Estat 21

    6 instruccio: assignacio • ';'

    ';'  fes un shift, i ves a l'estat 40


Estat 22

    5 instruccio: declaracio • ';'

    ';'  fes un shift, i ves a l'estat 41


Estat 23

   32 declaracio: tipus • declaracio_variable

    IDEN  fes un shift, i ves a l'estat 42

    assignacio_dec       ves a l'estat 43
    declaracio_variable  ves a l'estat 44
    declaracio_amb_IDEN  ves a l'estat 45


Estat 24

   13 instruccio: error ';' •

    $default  redueix usant la regla 13 (instruccio)


Estat 25

   22 operador_assignador: ADDTO •

    $default  redueix usant la regla 22 (operador_assignador)


Estat 26

   23 operador_assignador: SUBFROM •

    $default  redueix usant la regla 23 (operador_assignador)


Estat 27

   24 operador_assignador: MULTBY •

    $default  redueix usant la regla 24 (operador_assignador)


Estat 28

   25 operador_assignador: DIVBY •

    $default  redueix usant la regla 25 (operador_assignador)


Estat 29

   17 crida_a_funcio: IDEN '(' • parametres ')'
   18               | IDEN '(' • ')'

    ENTER     fes un shift, i ves a l'estat 46
    REAL      fes un shift, i ves a l'estat 47
    IDEN      fes un shift, i ves a l'estat 48
    CARACTER  fes un shift, i ves a l'estat 49
    BOOLEAN   fes un shift, i ves a l'estat 50
    CADENA    fes un shift, i ves a l'estat 51
    '-'       fes un shift, i ves a l'estat 52
    '('       fes un shift, i ves a l'estat 53
    ')'       fes un shift, i ves a l'estat 54

    crida_a_funcio  ves a l'estat 55
    parametres      ves a l'estat 56
    expr            ves a l'estat 57


Estat 30

   30 assignacio: IDEN '=' • expr

    ENTER     fes un shift, i ves a l'estat 46
    REAL      fes un shift, i ves a l'estat 47
    IDEN      fes un shift, i ves a l'estat 48
    CARACTER  fes un shift, i ves a l'estat 49
    BOOLEAN   fes un shift, i ves a l'estat 50
    CADENA    fes un shift, i ves a l'estat 51
    '-'       fes un shift, i ves a l'estat 52
    '('       fes un shift, i ves a l'estat 53

    crida_a_funcio  ves a l'estat 55
    expr            ves a l'estat 58


Estat 31

   21 operacio: IDEN operador_assignador • expr

    ENTER     fes un shift, i ves a l'estat 46
    REAL      fes un shift, i ves a l'estat 47
    IDEN      fes un shift, i ves a l'estat 48
    CARACTER  fes un shift, i ves a l'estat 49
    BOOLEAN   fes un shift, i ves a l'estat 50
    CADENA    fes un shift, i ves a l'estat 51
    '-'       fes un shift, i ves a l'estat 52
    '('       fes un shift, i ves a l'estat 53

    crida_a_funcio  ves a l'estat 55
    expr            ves a l'estat 59


Estat 32

   26 instruccio_if: IF '(' • condicio ')' '{' llista_inst final_if

    ENTER     fes un shift, i ves a l'estat 46
    REAL      fes un shift, i ves a l'estat 47
    IDEN      fes un shift, i ves a l'estat 48
    CARACTER  fes un shift, i ves a l'estat 49
    BOOLEAN   fes un shift, i ves a l'estat 60
    CADENA    fes un shift, i ves a l'estat 51
    NOT       fes un shift, i ves a l'estat 61
    '-'       fes un shift, i ves a l'estat 52
    '('       fes un shift, i ves a l'estat 62

    crida_a_funcio  ves a l'estat 55
    expr            ves a l'estat 63
    condicio        ves a l'estat 64


Estat 33

   15 instruccio_do: DO '{' • llista_inst '}' WHILE '(' condicio ')' ';'

    error   fes un shift, i ves a l'estat 1
    INT     fes un shift, i ves a l'estat 2
    BOOL    fes un shift, i ves a l'estat 3
    CHAR    fes un shift, i ves a l'estat 4
    FLOAT   fes un shift, i ves a l'estat 5
    IDEN    fes un shift, i ves a l'estat 6
    STRING  fes un shift, i ves a l'estat 7
    IF      fes un shift, i ves a l'estat 8
    DO      fes un shift, i ves a l'estat 9
    WHILE   fes un shift, i ves a l'estat 10
    FOR1    fes un shift, i ves a l'estat 11

    llista_inst       ves a l'estat 65
    instruccio        ves a l'estat 14
    instruccio_for    ves a l'estat 15
    instruccio_do     ves a l'estat 16
    instruccio_while  ves a l'estat 17
    crida_a_funcio    ves a l'estat 18
    operacio          ves a l'estat 19
    instruccio_if     ves a l'estat 20
    assignacio        ves a l'estat 21
    declaracio        ves a l'estat 22
    tipus             ves a l'estat 23


Estat 34

   16 instruccio_while: WHILE '(' • condicio ')' '{' llista_inst '}'

    ENTER     fes un shift, i ves a l'estat 46
    REAL      fes un shift, i ves a l'estat 47
    IDEN      fes un shift, i ves a l'estat 48
    CARACTER  fes un shift, i ves a l'estat 49
    BOOLEAN   fes un shift, i ves a l'estat 60
    CADENA    fes un shift, i ves a l'estat 51
    NOT       fes un shift, i ves a l'estat 61
    '-'       fes un shift, i ves a l'estat 52
    '('       fes un shift, i ves a l'estat 62

    crida_a_funcio  ves a l'estat 55
    expr            ves a l'estat 63
    condicio        ves a l'estat 66


Estat 35

   14 instruccio_for: FOR1 '(' • llista_inst ')' FOR2 '(' llista_inst ')' FOR3 '(' condicio ')' '{' llista_inst '}'

    error   fes un shift, i ves a l'estat 1
    INT     fes un shift, i ves a l'estat 2
    BOOL    fes un shift, i ves a l'estat 3
    CHAR    fes un shift, i ves a l'estat 4
    FLOAT   fes un shift, i ves a l'estat 5
    IDEN    fes un shift, i ves a l'estat 6
    STRING  fes un shift, i ves a l'estat 7
    IF      fes un shift, i ves a l'estat 8
    DO      fes un shift, i ves a l'estat 9
    WHILE   fes un shift, i ves a l'estat 10
    FOR1    fes un shift, i ves a l'estat 11

    llista_inst       ves a l'estat 67
    instruccio        ves a l'estat 14
    instruccio_for    ves a l'estat 15
    instruccio_do     ves a l'estat 16
    instruccio_while  ves a l'estat 17
    crida_a_funcio    ves a l'estat 18
    operacio          ves a l'estat 19
    instruccio_if     ves a l'estat 20
    assignacio        ves a l'estat 21
    declaracio        ves a l'estat 22
    tipus             ves a l'estat 23


Estat 36

    0 $accept: programa $end •

    $default  accepta


Estat 37

    4 llista_inst: llista_inst instruccio •

    $default  redueix usant la regla 4 (llista_inst)


Estat 38

   12 instruccio: crida_a_funcio ';' •

    $default  redueix usant la regla 12 (instruccio)


Estat 39

    7 instruccio: operacio ';' •

    $default  redueix usant la regla 7 (instruccio)


Estat 40

    6 instruccio: assignacio ';' •

    $default  redueix usant la regla 6 (instruccio)


Estat 41

    5 instruccio: declaracio ';' •

    $default  redueix usant la regla 5 (instruccio)


Estat 42

   31 assignacio_dec: IDEN • '=' expr
   36 declaracio_amb_IDEN: IDEN •

    '='  fes un shift, i ves a l'estat 68

    $default  redueix usant la regla 36 (declaracio_amb_IDEN)


Estat 43

   35 declaracio_amb_IDEN: assignacio_dec •

    $default  redueix usant la regla 35 (declaracio_amb_IDEN)


Estat 44

   32 declaracio: tipus declaracio_variable •
   34 declaracio_variable: declaracio_variable • ',' declaracio_amb_IDEN

    ','  fes un shift, i ves a l'estat 69

    $default  redueix usant la regla 32 (declaracio)


Estat 45

   33 declaracio_variable: declaracio_amb_IDEN •

    $default  redueix usant la regla 33 (declaracio_variable)


Estat 46

   49 expr: ENTER •

    $default  redueix usant la regla 49 (expr)


Estat 47

   50 expr: REAL •

    $default  redueix usant la regla 50 (expr)


Estat 48

   17 crida_a_funcio: IDEN • '(' parametres ')'
   18               | IDEN • '(' ')'
   37 expr: IDEN •

    '('  fes un shift, i ves a l'estat 29

    $default  redueix usant la regla 37 (expr)


Estat 49

   51 expr: CARACTER •

    $default  redueix usant la regla 51 (expr)


Estat 50

   52 expr: BOOLEAN •

    $default  redueix usant la regla 52 (expr)


Estat 51

   48 expr: CADENA •

    $default  redueix usant la regla 48 (expr)


Estat 52

   46 expr: '-' • expr

    ENTER     fes un shift, i ves a l'estat 46
    REAL      fes un shift, i ves a l'estat 47
    IDEN      fes un shift, i ves a l'estat 48
    CARACTER  fes un shift, i ves a l'estat 49
    BOOLEAN   fes un shift, i ves a l'estat 50
    CADENA    fes un shift, i ves a l'estat 51
    '-'       fes un shift, i ves a l'estat 52
    '('       fes un shift, i ves a l'estat 53

    crida_a_funcio  ves a l'estat 55
    expr            ves a l'estat 70


Estat 53

   38 expr: '(' • expr ')'

    ENTER     fes un shift, i ves a l'estat 46
    REAL      fes un shift, i ves a l'estat 47
    IDEN      fes un shift, i ves a l'estat 48
    CARACTER  fes un shift, i ves a l'estat 49
    BOOLEAN   fes un shift, i ves a l'estat 50
    CADENA    fes un shift, i ves a l'estat 51
    '-'       fes un shift, i ves a l'estat 52
    '('       fes un shift, i ves a l'estat 53

    crida_a_funcio  ves a l'estat 55
    expr            ves a l'estat 71


Estat 54

   18 crida_a_funcio: IDEN '(' ')' •

    $default  redueix usant la regla 18 (crida_a_funcio)


Estat 55

   47 expr: crida_a_funcio •

    $default  redueix usant la regla 47 (expr)


Estat 56

   17 crida_a_funcio: IDEN '(' parametres • ')'

    ')'  fes un shift, i ves a l'estat 72


Estat 57

   19 parametres: expr •
   20           | expr • ',' parametres
   39 expr: expr • '+' expr
   40     | expr • '-' expr
   41     | expr • DIV expr
   42     | expr • '*' expr
   43     | expr • MOD expr
   44     | expr • INTDIV expr
   45     | expr • POWER expr

    '+'     fes un shift, i ves a l'estat 73
    '-'     fes un shift, i ves a l'estat 74
    '*'     fes un shift, i ves a l'estat 75
    DIV     fes un shift, i ves a l'estat 76
    MOD     fes un shift, i ves a l'estat 77
    INTDIV  fes un shift, i ves a l'estat 78
    POWER   fes un shift, i ves a l'estat 79
    ','     fes un shift, i ves a l'estat 80

    $default  redueix usant la regla 19 (parametres)


Estat 58

   30 assignacio: IDEN '=' expr •
   39 expr: expr • '+' expr
   40     | expr • '-' expr
   41     | expr • DIV expr
   42     | expr • '*' expr
   43     | expr • MOD expr
   44     | expr • INTDIV expr
   45     | expr • POWER expr

    '+'     fes un shift, i ves a l'estat 73
    '-'     fes un shift, i ves a l'estat 74
    '*'     fes un shift, i ves a l'estat 75
    DIV     fes un shift, i ves a l'estat 76
    MOD     fes un shift, i ves a l'estat 77
    INTDIV  fes un shift, i ves a l'estat 78
    POWER   fes un shift, i ves a l'estat 79

    $default  redueix usant la regla 30 (assignacio)


Estat 59

   21 operacio: IDEN operador_assignador expr •
   39 expr: expr • '+' expr
   40     | expr • '-' expr
   41     | expr • DIV expr
   42     | expr • '*' expr
   43     | expr • MOD expr
   44     | expr • INTDIV expr
   45     | expr • POWER expr

    '+'     fes un shift, i ves a l'estat 73
    '-'     fes un shift, i ves a l'estat 74
    '*'     fes un shift, i ves a l'estat 75
    DIV     fes un shift, i ves a l'estat 76
    MOD     fes un shift, i ves a l'estat 77
    INTDIV  fes un shift, i ves a l'estat 78
    POWER   fes un shift, i ves a l'estat 79

    $default  redueix usant la regla 21 (operacio)


Estat 60

   52 expr: BOOLEAN •
   60 condicio: BOOLEAN •

    AND         redueix usant la regla 60 (condicio)
    OR          redueix usant la regla 60 (condicio)
    IMPLICA     redueix usant la regla 60 (condicio)
    IMPLICADOB  redueix usant la regla 60 (condicio)
    ')'         redueix usant la regla 52 (expr)
    ')'         [redueix usant la regla 60 (condicio)]
    $default    redueix usant la regla 52 (expr)


Estat 61

   54 condicio: NOT • condicio

    ENTER     fes un shift, i ves a l'estat 46
    REAL      fes un shift, i ves a l'estat 47
    IDEN      fes un shift, i ves a l'estat 48
    CARACTER  fes un shift, i ves a l'estat 49
    BOOLEAN   fes un shift, i ves a l'estat 60
    CADENA    fes un shift, i ves a l'estat 51
    NOT       fes un shift, i ves a l'estat 61
    '-'       fes un shift, i ves a l'estat 52
    '('       fes un shift, i ves a l'estat 62

    crida_a_funcio  ves a l'estat 55
    expr            ves a l'estat 63
    condicio        ves a l'estat 81


Estat 62

   38 expr: '(' • expr ')'
   53 condicio: '(' • condicio ')'

    ENTER     fes un shift, i ves a l'estat 46
    REAL      fes un shift, i ves a l'estat 47
    IDEN      fes un shift, i ves a l'estat 48
    CARACTER  fes un shift, i ves a l'estat 49
    BOOLEAN   fes un shift, i ves a l'estat 60
    CADENA    fes un shift, i ves a l'estat 51
    NOT       fes un shift, i ves a l'estat 61
    '-'       fes un shift, i ves a l'estat 52
    '('       fes un shift, i ves a l'estat 62

    crida_a_funcio  ves a l'estat 55
    expr            ves a l'estat 82
    condicio        ves a l'estat 83


Estat 63

   39 expr: expr • '+' expr
   40     | expr • '-' expr
   41     | expr • DIV expr
   42     | expr • '*' expr
   43     | expr • MOD expr
   44     | expr • INTDIV expr
   45     | expr • POWER expr
   59 condicio: expr • comparacio expr

    LT      fes un shift, i ves a l'estat 84
    GT      fes un shift, i ves a l'estat 85
    GTE     fes un shift, i ves a l'estat 86
    LTE     fes un shift, i ves a l'estat 87
    EQ      fes un shift, i ves a l'estat 88
    NE      fes un shift, i ves a l'estat 89
    '+'     fes un shift, i ves a l'estat 73
    '-'     fes un shift, i ves a l'estat 74
    '*'     fes un shift, i ves a l'estat 75
    DIV     fes un shift, i ves a l'estat 76
    MOD     fes un shift, i ves a l'estat 77
    INTDIV  fes un shift, i ves a l'estat 78
    POWER   fes un shift, i ves a l'estat 79

    comparacio  ves a l'estat 90


Estat 64

   26 instruccio_if: IF '(' condicio • ')' '{' llista_inst final_if
   55 condicio: condicio • AND condicio
   56         | condicio • OR condicio
   57         | condicio • IMPLICA condicio
   58         | condicio • IMPLICADOB condicio

    AND         fes un shift, i ves a l'estat 91
    OR          fes un shift, i ves a l'estat 92
    IMPLICA     fes un shift, i ves a l'estat 93
    IMPLICADOB  fes un shift, i ves a l'estat 94
    ')'         fes un shift, i ves a l'estat 95


Estat 65

    4 llista_inst: llista_inst • instruccio
   15 instruccio_do: DO '{' llista_inst • '}' WHILE '(' condicio ')' ';'

    error   fes un shift, i ves a l'estat 1
    INT     fes un shift, i ves a l'estat 2
    BOOL    fes un shift, i ves a l'estat 3
    CHAR    fes un shift, i ves a l'estat 4
    FLOAT   fes un shift, i ves a l'estat 5
    IDEN    fes un shift, i ves a l'estat 6
    STRING  fes un shift, i ves a l'estat 7
    IF      fes un shift, i ves a l'estat 8
    DO      fes un shift, i ves a l'estat 9
    WHILE   fes un shift, i ves a l'estat 10
    FOR1    fes un shift, i ves a l'estat 11
    '}'     fes un shift, i ves a l'estat 96

    instruccio        ves a l'estat 37
    instruccio_for    ves a l'estat 15
    instruccio_do     ves a l'estat 16
    instruccio_while  ves a l'estat 17
    crida_a_funcio    ves a l'estat 18
    operacio          ves a l'estat 19
    instruccio_if     ves a l'estat 20
    assignacio        ves a l'estat 21
    declaracio        ves a l'estat 22
    tipus             ves a l'estat 23


Estat 66

   16 instruccio_while: WHILE '(' condicio • ')' '{' llista_inst '}'
   55 condicio: condicio • AND condicio
   56         | condicio • OR condicio
   57         | condicio • IMPLICA condicio
   58         | condicio • IMPLICADOB condicio

    AND         fes un shift, i ves a l'estat 91
    OR          fes un shift, i ves a l'estat 92
    IMPLICA     fes un shift, i ves a l'estat 93
    IMPLICADOB  fes un shift, i ves a l'estat 94
    ')'         fes un shift, i ves a l'estat 97


Estat 67

    4 llista_inst: llista_inst • instruccio
   14 instruccio_for: FOR1 '(' llista_inst • ')' FOR2 '(' llista_inst ')' FOR3 '(' condicio ')' '{' llista_inst '}'

    error   fes un shift, i ves a l'estat 1
    INT     fes un shift, i ves a l'estat 2
    BOOL    fes un shift, i ves a l'estat 3
    CHAR    fes un shift, i ves a l'estat 4
    FLOAT   fes un shift, i ves a l'estat 5
    IDEN    fes un shift, i ves a l'estat 6
    STRING  fes un shift, i ves a l'estat 7
    IF      fes un shift, i ves a l'estat 8
    DO      fes un shift, i ves a l'estat 9
    WHILE   fes un shift, i ves a l'estat 10
    FOR1    fes un shift, i ves a l'estat 11
    ')'     fes un shift, i ves a l'estat 98

    instruccio        ves a l'estat 37
    instruccio_for    ves a l'estat 15
    instruccio_do     ves a l'estat 16
    instruccio_while  ves a l'estat 17
    crida_a_funcio    ves a l'estat 18
    operacio          ves a l'estat 19
    instruccio_if     ves a l'estat 20
    assignacio        ves a l'estat 21
    declaracio        ves a l'estat 22
    tipus             ves a l'estat 23


Estat 68

   31 assignacio_dec: IDEN '=' • expr

    ENTER     fes un shift, i ves a l'estat 46
    REAL      fes un shift, i ves a l'estat 47
    IDEN      fes un shift, i ves a l'estat 48
    CARACTER  fes un shift, i ves a l'estat 49
    BOOLEAN   fes un shift, i ves a l'estat 50
    CADENA    fes un shift, i ves a l'estat 51
    '-'       fes un shift, i ves a l'estat 52
    '('       fes un shift, i ves a l'estat 53

    crida_a_funcio  ves a l'estat 55
    expr            ves a l'estat 99


Estat 69

   34 declaracio_variable: declaracio_variable ',' • declaracio_amb_IDEN

    IDEN  fes un shift, i ves a l'estat 42

    assignacio_dec       ves a l'estat 43
    declaracio_amb_IDEN  ves a l'estat 100


Estat 70

   39 expr: expr • '+' expr
   40     | expr • '-' expr
   41     | expr • DIV expr
   42     | expr • '*' expr
   43     | expr • MOD expr
   44     | expr • INTDIV expr
   45     | expr • POWER expr
   46     | '-' expr •

    $default  redueix usant la regla 46 (expr)


Estat 71

   38 expr: '(' expr • ')'
   39     | expr • '+' expr
   40     | expr • '-' expr
   41     | expr • DIV expr
   42     | expr • '*' expr
   43     | expr • MOD expr
   44     | expr • INTDIV expr
   45     | expr • POWER expr

    '+'     fes un shift, i ves a l'estat 73
    '-'     fes un shift, i ves a l'estat 74
    '*'     fes un shift, i ves a l'estat 75
    DIV     fes un shift, i ves a l'estat 76
    MOD     fes un shift, i ves a l'estat 77
    INTDIV  fes un shift, i ves a l'estat 78
    POWER   fes un shift, i ves a l'estat 79
    ')'     fes un shift, i ves a l'estat 101


Estat 72

   17 crida_a_funcio: IDEN '(' parametres ')' •

    $default  redueix usant la regla 17 (crida_a_funcio)


Estat 73

   39 expr: expr '+' • expr

    ENTER     fes un shift, i ves a l'estat 46
    REAL      fes un shift, i ves a l'estat 47
    IDEN      fes un shift, i ves a l'estat 48
    CARACTER  fes un shift, i ves a l'estat 49
    BOOLEAN   fes un shift, i ves a l'estat 50
    CADENA    fes un shift, i ves a l'estat 51
    '-'       fes un shift, i ves a l'estat 52
    '('       fes un shift, i ves a l'estat 53

    crida_a_funcio  ves a l'estat 55
    expr            ves a l'estat 102


Estat 74

   40 expr: expr '-' • expr

    ENTER     fes un shift, i ves a l'estat 46
    REAL      fes un shift, i ves a l'estat 47
    IDEN      fes un shift, i ves a l'estat 48
    CARACTER  fes un shift, i ves a l'estat 49
    BOOLEAN   fes un shift, i ves a l'estat 50
    CADENA    fes un shift, i ves a l'estat 51
    '-'       fes un shift, i ves a l'estat 52
    '('       fes un shift, i ves a l'estat 53

    crida_a_funcio  ves a l'estat 55
    expr            ves a l'estat 103


Estat 75

   42 expr: expr '*' • expr

    ENTER     fes un shift, i ves a l'estat 46
    REAL      fes un shift, i ves a l'estat 47
    IDEN      fes un shift, i ves a l'estat 48
    CARACTER  fes un shift, i ves a l'estat 49
    BOOLEAN   fes un shift, i ves a l'estat 50
    CADENA    fes un shift, i ves a l'estat 51
    '-'       fes un shift, i ves a l'estat 52
    '('       fes un shift, i ves a l'estat 53

    crida_a_funcio  ves a l'estat 55
    expr            ves a l'estat 104


Estat 76

   41 expr: expr DIV • expr

    ENTER     fes un shift, i ves a l'estat 46
    REAL      fes un shift, i ves a l'estat 47
    IDEN      fes un shift, i ves a l'estat 48
    CARACTER  fes un shift, i ves a l'estat 49
    BOOLEAN   fes un shift, i ves a l'estat 50
    CADENA    fes un shift, i ves a l'estat 51
    '-'       fes un shift, i ves a l'estat 52
    '('       fes un shift, i ves a l'estat 53

    crida_a_funcio  ves a l'estat 55
    expr            ves a l'estat 105


Estat 77

   43 expr: expr MOD • expr

    ENTER     fes un shift, i ves a l'estat 46
    REAL      fes un shift, i ves a l'estat 47
    IDEN      fes un shift, i ves a l'estat 48
    CARACTER  fes un shift, i ves a l'estat 49
    BOOLEAN   fes un shift, i ves a l'estat 50
    CADENA    fes un shift, i ves a l'estat 51
    '-'       fes un shift, i ves a l'estat 52
    '('       fes un shift, i ves a l'estat 53

    crida_a_funcio  ves a l'estat 55
    expr            ves a l'estat 106


Estat 78

   44 expr: expr INTDIV • expr

    ENTER     fes un shift, i ves a l'estat 46
    REAL      fes un shift, i ves a l'estat 47
    IDEN      fes un shift, i ves a l'estat 48
    CARACTER  fes un shift, i ves a l'estat 49
    BOOLEAN   fes un shift, i ves a l'estat 50
    CADENA    fes un shift, i ves a l'estat 51
    '-'       fes un shift, i ves a l'estat 52
    '('       fes un shift, i ves a l'estat 53

    crida_a_funcio  ves a l'estat 55
    expr            ves a l'estat 107


Estat 79

   45 expr: expr POWER • expr

    ENTER     fes un shift, i ves a l'estat 46
    REAL      fes un shift, i ves a l'estat 47
    IDEN      fes un shift, i ves a l'estat 48
    CARACTER  fes un shift, i ves a l'estat 49
    BOOLEAN   fes un shift, i ves a l'estat 50
    CADENA    fes un shift, i ves a l'estat 51
    '-'       fes un shift, i ves a l'estat 52
    '('       fes un shift, i ves a l'estat 53

    crida_a_funcio  ves a l'estat 55
    expr            ves a l'estat 108


Estat 80

   20 parametres: expr ',' • parametres

    ENTER     fes un shift, i ves a l'estat 46
    REAL      fes un shift, i ves a l'estat 47
    IDEN      fes un shift, i ves a l'estat 48
    CARACTER  fes un shift, i ves a l'estat 49
    BOOLEAN   fes un shift, i ves a l'estat 50
    CADENA    fes un shift, i ves a l'estat 51
    '-'       fes un shift, i ves a l'estat 52
    '('       fes un shift, i ves a l'estat 53

    crida_a_funcio  ves a l'estat 55
    parametres      ves a l'estat 109
    expr            ves a l'estat 57


Estat 81

   54 condicio: NOT condicio •
   55         | condicio • AND condicio
   56         | condicio • OR condicio
   57         | condicio • IMPLICA condicio
   58         | condicio • IMPLICADOB condicio

    AND         fes un shift, i ves a l'estat 91
    OR          fes un shift, i ves a l'estat 92
    IMPLICA     fes un shift, i ves a l'estat 93
    IMPLICADOB  fes un shift, i ves a l'estat 94

    $default  redueix usant la regla 54 (condicio)


Estat 82

   38 expr: '(' expr • ')'
   39     | expr • '+' expr
   40     | expr • '-' expr
   41     | expr • DIV expr
   42     | expr • '*' expr
   43     | expr • MOD expr
   44     | expr • INTDIV expr
   45     | expr • POWER expr
   59 condicio: expr • comparacio expr

    LT      fes un shift, i ves a l'estat 84
    GT      fes un shift, i ves a l'estat 85
    GTE     fes un shift, i ves a l'estat 86
    LTE     fes un shift, i ves a l'estat 87
    EQ      fes un shift, i ves a l'estat 88
    NE      fes un shift, i ves a l'estat 89
    '+'     fes un shift, i ves a l'estat 73
    '-'     fes un shift, i ves a l'estat 74
    '*'     fes un shift, i ves a l'estat 75
    DIV     fes un shift, i ves a l'estat 76
    MOD     fes un shift, i ves a l'estat 77
    INTDIV  fes un shift, i ves a l'estat 78
    POWER   fes un shift, i ves a l'estat 79
    ')'     fes un shift, i ves a l'estat 101

    comparacio  ves a l'estat 90


Estat 83

   53 condicio: '(' condicio • ')'
   55         | condicio • AND condicio
   56         | condicio • OR condicio
   57         | condicio • IMPLICA condicio
   58         | condicio • IMPLICADOB condicio

    AND         fes un shift, i ves a l'estat 91
    OR          fes un shift, i ves a l'estat 92
    IMPLICA     fes un shift, i ves a l'estat 93
    IMPLICADOB  fes un shift, i ves a l'estat 94
    ')'         fes un shift, i ves a l'estat 110


Estat 84

   63 comparacio: LT •

    $default  redueix usant la regla 63 (comparacio)


Estat 85

   65 comparacio: GT •

    $default  redueix usant la regla 65 (comparacio)


Estat 86

   66 comparacio: GTE •

    $default  redueix usant la regla 66 (comparacio)


Estat 87

   64 comparacio: LTE •

    $default  redueix usant la regla 64 (comparacio)


Estat 88

   61 comparacio: EQ •

    $default  redueix usant la regla 61 (comparacio)


Estat 89

   62 comparacio: NE •

    $default  redueix usant la regla 62 (comparacio)


Estat 90

   59 condicio: expr comparacio • expr

    ENTER     fes un shift, i ves a l'estat 46
    REAL      fes un shift, i ves a l'estat 47
    IDEN      fes un shift, i ves a l'estat 48
    CARACTER  fes un shift, i ves a l'estat 49
    BOOLEAN   fes un shift, i ves a l'estat 50
    CADENA    fes un shift, i ves a l'estat 51
    '-'       fes un shift, i ves a l'estat 52
    '('       fes un shift, i ves a l'estat 53

    crida_a_funcio  ves a l'estat 55
    expr            ves a l'estat 111


Estat 91

   55 condicio: condicio AND • condicio

    ENTER     fes un shift, i ves a l'estat 46
    REAL      fes un shift, i ves a l'estat 47
    IDEN      fes un shift, i ves a l'estat 48
    CARACTER  fes un shift, i ves a l'estat 49
    BOOLEAN   fes un shift, i ves a l'estat 60
    CADENA    fes un shift, i ves a l'estat 51
    NOT       fes un shift, i ves a l'estat 61
    '-'       fes un shift, i ves a l'estat 52
    '('       fes un shift, i ves a l'estat 62

    crida_a_funcio  ves a l'estat 55
    expr            ves a l'estat 63
    condicio        ves a l'estat 112


Estat 92

   56 condicio: condicio OR • condicio

    ENTER     fes un shift, i ves a l'estat 46
    REAL      fes un shift, i ves a l'estat 47
    IDEN      fes un shift, i ves a l'estat 48
    CARACTER  fes un shift, i ves a l'estat 49
    BOOLEAN   fes un shift, i ves a l'estat 60
    CADENA    fes un shift, i ves a l'estat 51
    NOT       fes un shift, i ves a l'estat 61
    '-'       fes un shift, i ves a l'estat 52
    '('       fes un shift, i ves a l'estat 62

    crida_a_funcio  ves a l'estat 55
    expr            ves a l'estat 63
    condicio        ves a l'estat 113


Estat 93

   57 condicio: condicio IMPLICA • condicio

    ENTER     fes un shift, i ves a l'estat 46
    REAL      fes un shift, i ves a l'estat 47
    IDEN      fes un shift, i ves a l'estat 48
    CARACTER  fes un shift, i ves a l'estat 49
    BOOLEAN   fes un shift, i ves a l'estat 60
    CADENA    fes un shift, i ves a l'estat 51
    NOT       fes un shift, i ves a l'estat 61
    '-'       fes un shift, i ves a l'estat 52
    '('       fes un shift, i ves a l'estat 62

    crida_a_funcio  ves a l'estat 55
    expr            ves a l'estat 63
    condicio        ves a l'estat 114


Estat 94

   58 condicio: condicio IMPLICADOB • condicio

    ENTER     fes un shift, i ves a l'estat 46
    REAL      fes un shift, i ves a l'estat 47
    IDEN      fes un shift, i ves a l'estat 48
    CARACTER  fes un shift, i ves a l'estat 49
    BOOLEAN   fes un shift, i ves a l'estat 60
    CADENA    fes un shift, i ves a l'estat 51
    NOT       fes un shift, i ves a l'estat 61
    '-'       fes un shift, i ves a l'estat 52
    '('       fes un shift, i ves a l'estat 62

    crida_a_funcio  ves a l'estat 55
    expr            ves a l'estat 63
    condicio        ves a l'estat 115


Estat 95

   26 instruccio_if: IF '(' condicio ')' • '{' llista_inst final_if

    '{'  fes un shift, i ves a l'estat 116


Estat 96

   15 instruccio_do: DO '{' llista_inst '}' • WHILE '(' condicio ')' ';'

    WHILE  fes un shift, i ves a l'estat 117


Estat 97

   16 instruccio_while: WHILE '(' condicio ')' • '{' llista_inst '}'

    '{'  fes un shift, i ves a l'estat 118


Estat 98

   14 instruccio_for: FOR1 '(' llista_inst ')' • FOR2 '(' llista_inst ')' FOR3 '(' condicio ')' '{' llista_inst '}'

    FOR2  fes un shift, i ves a l'estat 119


Estat 99

   31 assignacio_dec: IDEN '=' expr •
   39 expr: expr • '+' expr
   40     | expr • '-' expr
   41     | expr • DIV expr
   42     | expr • '*' expr
   43     | expr • MOD expr
   44     | expr • INTDIV expr
   45     | expr • POWER expr

    '+'     fes un shift, i ves a l'estat 73
    '-'     fes un shift, i ves a l'estat 74
    '*'     fes un shift, i ves a l'estat 75
    DIV     fes un shift, i ves a l'estat 76
    MOD     fes un shift, i ves a l'estat 77
    INTDIV  fes un shift, i ves a l'estat 78
    POWER   fes un shift, i ves a l'estat 79

    $default  redueix usant la regla 31 (assignacio_dec)


Estat 100

   34 declaracio_variable: declaracio_variable ',' declaracio_amb_IDEN •

    $default  redueix usant la regla 34 (declaracio_variable)


Estat 101

   38 expr: '(' expr ')' •

    $default  redueix usant la regla 38 (expr)


Estat 102

   39 expr: expr • '+' expr
   39     | expr '+' expr •
   40     | expr • '-' expr
   41     | expr • DIV expr
   42     | expr • '*' expr
   43     | expr • MOD expr
   44     | expr • INTDIV expr
   45     | expr • POWER expr

    '*'     fes un shift, i ves a l'estat 75
    DIV     fes un shift, i ves a l'estat 76
    MOD     fes un shift, i ves a l'estat 77
    INTDIV  fes un shift, i ves a l'estat 78
    POWER   fes un shift, i ves a l'estat 79

    $default  redueix usant la regla 39 (expr)


Estat 103

   39 expr: expr • '+' expr
   40     | expr • '-' expr
   40     | expr '-' expr •
   41     | expr • DIV expr
   42     | expr • '*' expr
   43     | expr • MOD expr
   44     | expr • INTDIV expr
   45     | expr • POWER expr

    '*'     fes un shift, i ves a l'estat 75
    DIV     fes un shift, i ves a l'estat 76
    MOD     fes un shift, i ves a l'estat 77
    INTDIV  fes un shift, i ves a l'estat 78
    POWER   fes un shift, i ves a l'estat 79

    $default  redueix usant la regla 40 (expr)


Estat 104

   39 expr: expr • '+' expr
   40     | expr • '-' expr
   41     | expr • DIV expr
   42     | expr • '*' expr
   42     | expr '*' expr •
   43     | expr • MOD expr
   44     | expr • INTDIV expr
   45     | expr • POWER expr

    $default  redueix usant la regla 42 (expr)


Estat 105

   39 expr: expr • '+' expr
   40     | expr • '-' expr
   41     | expr • DIV expr
   41     | expr DIV expr •
   42     | expr • '*' expr
   43     | expr • MOD expr
   44     | expr • INTDIV expr
   45     | expr • POWER expr

    $default  redueix usant la regla 41 (expr)


Estat 106

   39 expr: expr • '+' expr
   40     | expr • '-' expr
   41     | expr • DIV expr
   42     | expr • '*' expr
   43     | expr • MOD expr
   43     | expr MOD expr •
   44     | expr • INTDIV expr
   45     | expr • POWER expr

    $default  redueix usant la regla 43 (expr)


Estat 107

   39 expr: expr • '+' expr
   40     | expr • '-' expr
   41     | expr • DIV expr
   42     | expr • '*' expr
   43     | expr • MOD expr
   44     | expr • INTDIV expr
   44     | expr INTDIV expr •
   45     | expr • POWER expr

    $default  redueix usant la regla 44 (expr)


Estat 108

   39 expr: expr • '+' expr
   40     | expr • '-' expr
   41     | expr • DIV expr
   42     | expr • '*' expr
   43     | expr • MOD expr
   44     | expr • INTDIV expr
   45     | expr • POWER expr
   45     | expr POWER expr •

    $default  redueix usant la regla 45 (expr)


Estat 109

   20 parametres: expr ',' parametres •

    $default  redueix usant la regla 20 (parametres)


Estat 110

   53 condicio: '(' condicio ')' •

    $default  redueix usant la regla 53 (condicio)


Estat 111

   39 expr: expr • '+' expr
   40     | expr • '-' expr
   41     | expr • DIV expr
   42     | expr • '*' expr
   43     | expr • MOD expr
   44     | expr • INTDIV expr
   45     | expr • POWER expr
   59 condicio: expr comparacio expr •

    '+'     fes un shift, i ves a l'estat 73
    '-'     fes un shift, i ves a l'estat 74
    '*'     fes un shift, i ves a l'estat 75
    DIV     fes un shift, i ves a l'estat 76
    MOD     fes un shift, i ves a l'estat 77
    INTDIV  fes un shift, i ves a l'estat 78
    POWER   fes un shift, i ves a l'estat 79

    $default  redueix usant la regla 59 (condicio)


Estat 112

   55 condicio: condicio • AND condicio
   55         | condicio AND condicio •
   56         | condicio • OR condicio
   57         | condicio • IMPLICA condicio
   58         | condicio • IMPLICADOB condicio

    IMPLICA     fes un shift, i ves a l'estat 93
    IMPLICADOB  fes un shift, i ves a l'estat 94

    $default  redueix usant la regla 55 (condicio)


Estat 113

   55 condicio: condicio • AND condicio
   56         | condicio • OR condicio
   56         | condicio OR condicio •
   57         | condicio • IMPLICA condicio
   58         | condicio • IMPLICADOB condicio

    IMPLICA     fes un shift, i ves a l'estat 93
    IMPLICADOB  fes un shift, i ves a l'estat 94

    $default  redueix usant la regla 56 (condicio)


Estat 114

   55 condicio: condicio • AND condicio
   56         | condicio • OR condicio
   57         | condicio • IMPLICA condicio
   57         | condicio IMPLICA condicio •
   58         | condicio • IMPLICADOB condicio

    $default  redueix usant la regla 57 (condicio)


Estat 115

   55 condicio: condicio • AND condicio
   56         | condicio • OR condicio
   57         | condicio • IMPLICA condicio
   58         | condicio • IMPLICADOB condicio
   58         | condicio IMPLICADOB condicio •

    $default  redueix usant la regla 58 (condicio)


Estat 116

   26 instruccio_if: IF '(' condicio ')' '{' • llista_inst final_if

    error   fes un shift, i ves a l'estat 1
    INT     fes un shift, i ves a l'estat 2
    BOOL    fes un shift, i ves a l'estat 3
    CHAR    fes un shift, i ves a l'estat 4
    FLOAT   fes un shift, i ves a l'estat 5
    IDEN    fes un shift, i ves a l'estat 6
    STRING  fes un shift, i ves a l'estat 7
    IF      fes un shift, i ves a l'estat 8
    DO      fes un shift, i ves a l'estat 9
    WHILE   fes un shift, i ves a l'estat 10
    FOR1    fes un shift, i ves a l'estat 11

    llista_inst       ves a l'estat 120
    instruccio        ves a l'estat 14
    instruccio_for    ves a l'estat 15
    instruccio_do     ves a l'estat 16
    instruccio_while  ves a l'estat 17
    crida_a_funcio    ves a l'estat 18
    operacio          ves a l'estat 19
    instruccio_if     ves a l'estat 20
    assignacio        ves a l'estat 21
    declaracio        ves a l'estat 22
    tipus             ves a l'estat 23


Estat 117

   15 instruccio_do: DO '{' llista_inst '}' WHILE • '(' condicio ')' ';'

    '('  fes un shift, i ves a l'estat 121


Estat 118

   16 instruccio_while: WHILE '(' condicio ')' '{' • llista_inst '}'

    error   fes un shift, i ves a l'estat 1
    INT     fes un shift, i ves a l'estat 2
    BOOL    fes un shift, i ves a l'estat 3
    CHAR    fes un shift, i ves a l'estat 4
    FLOAT   fes un shift, i ves a l'estat 5
    IDEN    fes un shift, i ves a l'estat 6
    STRING  fes un shift, i ves a l'estat 7
    IF      fes un shift, i ves a l'estat 8
    DO      fes un shift, i ves a l'estat 9
    WHILE   fes un shift, i ves a l'estat 10
    FOR1    fes un shift, i ves a l'estat 11

    llista_inst       ves a l'estat 122
    instruccio        ves a l'estat 14
    instruccio_for    ves a l'estat 15
    instruccio_do     ves a l'estat 16
    instruccio_while  ves a l'estat 17
    crida_a_funcio    ves a l'estat 18
    operacio          ves a l'estat 19
    instruccio_if     ves a l'estat 20
    assignacio        ves a l'estat 21
    declaracio        ves a l'estat 22
    tipus             ves a l'estat 23


Estat 119

   14 instruccio_for: FOR1 '(' llista_inst ')' FOR2 • '(' llista_inst ')' FOR3 '(' condicio ')' '{' llista_inst '}'

    '('  fes un shift, i ves a l'estat 123


Estat 120

    4 llista_inst: llista_inst • instruccio
   26 instruccio_if: IF '(' condicio ')' '{' llista_inst • final_if

    error   fes un shift, i ves a l'estat 1
    INT     fes un shift, i ves a l'estat 2
    BOOL    fes un shift, i ves a l'estat 3
    CHAR    fes un shift, i ves a l'estat 4
    FLOAT   fes un shift, i ves a l'estat 5
    IDEN    fes un shift, i ves a l'estat 6
    STRING  fes un shift, i ves a l'estat 7
    IF      fes un shift, i ves a l'estat 8
    DO      fes un shift, i ves a l'estat 9
    WHILE   fes un shift, i ves a l'estat 10
    FOR1    fes un shift, i ves a l'estat 11
    '}'     fes un shift, i ves a l'estat 124

    instruccio        ves a l'estat 37
    instruccio_for    ves a l'estat 15
    instruccio_do     ves a l'estat 16
    instruccio_while  ves a l'estat 17
    crida_a_funcio    ves a l'estat 18
    operacio          ves a l'estat 19
    instruccio_if     ves a l'estat 20
    final_if          ves a l'estat 125
    assignacio        ves a l'estat 21
    declaracio        ves a l'estat 22
    tipus             ves a l'estat 23


Estat 121

   15 instruccio_do: DO '{' llista_inst '}' WHILE '(' • condicio ')' ';'

    ENTER     fes un shift, i ves a l'estat 46
    REAL      fes un shift, i ves a l'estat 47
    IDEN      fes un shift, i ves a l'estat 48
    CARACTER  fes un shift, i ves a l'estat 49
    BOOLEAN   fes un shift, i ves a l'estat 60
    CADENA    fes un shift, i ves a l'estat 51
    NOT       fes un shift, i ves a l'estat 61
    '-'       fes un shift, i ves a l'estat 52
    '('       fes un shift, i ves a l'estat 62

    crida_a_funcio  ves a l'estat 55
    expr            ves a l'estat 63
    condicio        ves a l'estat 126


Estat 122

    4 llista_inst: llista_inst • instruccio
   16 instruccio_while: WHILE '(' condicio ')' '{' llista_inst • '}'

    error   fes un shift, i ves a l'estat 1
    INT     fes un shift, i ves a l'estat 2
    BOOL    fes un shift, i ves a l'estat 3
    CHAR    fes un shift, i ves a l'estat 4
    FLOAT   fes un shift, i ves a l'estat 5
    IDEN    fes un shift, i ves a l'estat 6
    STRING  fes un shift, i ves a l'estat 7
    IF      fes un shift, i ves a l'estat 8
    DO      fes un shift, i ves a l'estat 9
    WHILE   fes un shift, i ves a l'estat 10
    FOR1    fes un shift, i ves a l'estat 11
    '}'     fes un shift, i ves a l'estat 127

    instruccio        ves a l'estat 37
    instruccio_for    ves a l'estat 15
    instruccio_do     ves a l'estat 16
    instruccio_while  ves a l'estat 17
    crida_a_funcio    ves a l'estat 18
    operacio          ves a l'estat 19
    instruccio_if     ves a l'estat 20
    assignacio        ves a l'estat 21
    declaracio        ves a l'estat 22
    tipus             ves a l'estat 23


Estat 123

   14 instruccio_for: FOR1 '(' llista_inst ')' FOR2 '(' • llista_inst ')' FOR3 '(' condicio ')' '{' llista_inst '}'

    error   fes un shift, i ves a l'estat 1
    INT     fes un shift, i ves a l'estat 2
    BOOL    fes un shift, i ves a l'estat 3
    CHAR    fes un shift, i ves a l'estat 4
    FLOAT   fes un shift, i ves a l'estat 5
    IDEN    fes un shift, i ves a l'estat 6
    STRING  fes un shift, i ves a l'estat 7
    IF      fes un shift, i ves a l'estat 8
    DO      fes un shift, i ves a l'estat 9
    WHILE   fes un shift, i ves a l'estat 10
    FOR1    fes un shift, i ves a l'estat 11

    llista_inst       ves a l'estat 128
    instruccio        ves a l'estat 14
    instruccio_for    ves a l'estat 15
    instruccio_do     ves a l'estat 16
    instruccio_while  ves a l'estat 17
    crida_a_funcio    ves a l'estat 18
    operacio          ves a l'estat 19
    instruccio_if     ves a l'estat 20
    assignacio        ves a l'estat 21
    declaracio        ves a l'estat 22
    tipus             ves a l'estat 23


Estat 124

   27 final_if: '}' •
   28         | '}' • ELSE '(' condicio ')' '{' llista_inst final_if
   29         | '}' • ELSE '{' llista_inst '}'

    ELSE  fes un shift, i ves a l'estat 129

    $default  redueix usant la regla 27 (final_if)


Estat 125

   26 instruccio_if: IF '(' condicio ')' '{' llista_inst final_if •

    $default  redueix usant la regla 26 (instruccio_if)


Estat 126

   15 instruccio_do: DO '{' llista_inst '}' WHILE '(' condicio • ')' ';'
   55 condicio: condicio • AND condicio
   56         | condicio • OR condicio
   57         | condicio • IMPLICA condicio
   58         | condicio • IMPLICADOB condicio

    AND         fes un shift, i ves a l'estat 91
    OR          fes un shift, i ves a l'estat 92
    IMPLICA     fes un shift, i ves a l'estat 93
    IMPLICADOB  fes un shift, i ves a l'estat 94
    ')'         fes un shift, i ves a l'estat 130


Estat 127

   16 instruccio_while: WHILE '(' condicio ')' '{' llista_inst '}' •

    $default  redueix usant la regla 16 (instruccio_while)


Estat 128

    4 llista_inst: llista_inst • instruccio
   14 instruccio_for: FOR1 '(' llista_inst ')' FOR2 '(' llista_inst • ')' FOR3 '(' condicio ')' '{' llista_inst '}'

    error   fes un shift, i ves a l'estat 1
    INT     fes un shift, i ves a l'estat 2
    BOOL    fes un shift, i ves a l'estat 3
    CHAR    fes un shift, i ves a l'estat 4
    FLOAT   fes un shift, i ves a l'estat 5
    IDEN    fes un shift, i ves a l'estat 6
    STRING  fes un shift, i ves a l'estat 7
    IF      fes un shift, i ves a l'estat 8
    DO      fes un shift, i ves a l'estat 9
    WHILE   fes un shift, i ves a l'estat 10
    FOR1    fes un shift, i ves a l'estat 11
    ')'     fes un shift, i ves a l'estat 131

    instruccio        ves a l'estat 37
    instruccio_for    ves a l'estat 15
    instruccio_do     ves a l'estat 16
    instruccio_while  ves a l'estat 17
    crida_a_funcio    ves a l'estat 18
    operacio          ves a l'estat 19
    instruccio_if     ves a l'estat 20
    assignacio        ves a l'estat 21
    declaracio        ves a l'estat 22
    tipus             ves a l'estat 23


Estat 129

   28 final_if: '}' ELSE • '(' condicio ')' '{' llista_inst final_if
   29         | '}' ELSE • '{' llista_inst '}'

    '('  fes un shift, i ves a l'estat 132
    '{'  fes un shift, i ves a l'estat 133


Estat 130

   15 instruccio_do: DO '{' llista_inst '}' WHILE '(' condicio ')' • ';'

    ';'  fes un shift, i ves a l'estat 134


Estat 131

   14 instruccio_for: FOR1 '(' llista_inst ')' FOR2 '(' llista_inst ')' • FOR3 '(' condicio ')' '{' llista_inst '}'

    FOR3  fes un shift, i ves a l'estat 135


Estat 132

   28 final_if: '}' ELSE '(' • condicio ')' '{' llista_inst final_if

    ENTER     fes un shift, i ves a l'estat 46
    REAL      fes un shift, i ves a l'estat 47
    IDEN      fes un shift, i ves a l'estat 48
    CARACTER  fes un shift, i ves a l'estat 49
    BOOLEAN   fes un shift, i ves a l'estat 60
    CADENA    fes un shift, i ves a l'estat 51
    NOT       fes un shift, i ves a l'estat 61
    '-'       fes un shift, i ves a l'estat 52
    '('       fes un shift, i ves a l'estat 62

    crida_a_funcio  ves a l'estat 55
    expr            ves a l'estat 63
    condicio        ves a l'estat 136


Estat 133

   29 final_if: '}' ELSE '{' • llista_inst '}'

    error   fes un shift, i ves a l'estat 1
    INT     fes un shift, i ves a l'estat 2
    BOOL    fes un shift, i ves a l'estat 3
    CHAR    fes un shift, i ves a l'estat 4
    FLOAT   fes un shift, i ves a l'estat 5
    IDEN    fes un shift, i ves a l'estat 6
    STRING  fes un shift, i ves a l'estat 7
    IF      fes un shift, i ves a l'estat 8
    DO      fes un shift, i ves a l'estat 9
    WHILE   fes un shift, i ves a l'estat 10
    FOR1    fes un shift, i ves a l'estat 11

    llista_inst       ves a l'estat 137
    instruccio        ves a l'estat 14
    instruccio_for    ves a l'estat 15
    instruccio_do     ves a l'estat 16
    instruccio_while  ves a l'estat 17
    crida_a_funcio    ves a l'estat 18
    operacio          ves a l'estat 19
    instruccio_if     ves a l'estat 20
    assignacio        ves a l'estat 21
    declaracio        ves a l'estat 22
    tipus             ves a l'estat 23


Estat 134

   15 instruccio_do: DO '{' llista_inst '}' WHILE '(' condicio ')' ';' •

    $default  redueix usant la regla 15 (instruccio_do)


Estat 135

   14 instruccio_for: FOR1 '(' llista_inst ')' FOR2 '(' llista_inst ')' FOR3 • '(' condicio ')' '{' llista_inst '}'

    '('  fes un shift, i ves a l'estat 138


Estat 136

   28 final_if: '}' ELSE '(' condicio • ')' '{' llista_inst final_if
   55 condicio: condicio • AND condicio
   56         | condicio • OR condicio
   57         | condicio • IMPLICA condicio
   58         | condicio • IMPLICADOB condicio

    AND         fes un shift, i ves a l'estat 91
    OR          fes un shift, i ves a l'estat 92
    IMPLICA     fes un shift, i ves a l'estat 93
    IMPLICADOB  fes un shift, i ves a l'estat 94
    ')'         fes un shift, i ves a l'estat 139


Estat 137

    4 llista_inst: llista_inst • instruccio
   29 final_if: '}' ELSE '{' llista_inst • '}'

    error   fes un shift, i ves a l'estat 1
    INT     fes un shift, i ves a l'estat 2
    BOOL    fes un shift, i ves a l'estat 3
    CHAR    fes un shift, i ves a l'estat 4
    FLOAT   fes un shift, i ves a l'estat 5
    IDEN    fes un shift, i ves a l'estat 6
    STRING  fes un shift, i ves a l'estat 7
    IF      fes un shift, i ves a l'estat 8
    DO      fes un shift, i ves a l'estat 9
    WHILE   fes un shift, i ves a l'estat 10
    FOR1    fes un shift, i ves a l'estat 11
    '}'     fes un shift, i ves a l'estat 140

    instruccio        ves a l'estat 37
    instruccio_for    ves a l'estat 15
    instruccio_do     ves a l'estat 16
    instruccio_while  ves a l'estat 17
    crida_a_funcio    ves a l'estat 18
    operacio          ves a l'estat 19
    instruccio_if     ves a l'estat 20
    assignacio        ves a l'estat 21
    declaracio        ves a l'estat 22
    tipus             ves a l'estat 23


Estat 138

   14 instruccio_for: FOR1 '(' llista_inst ')' FOR2 '(' llista_inst ')' FOR3 '(' • condicio ')' '{' llista_inst '}'

    ENTER     fes un shift, i ves a l'estat 46
    REAL      fes un shift, i ves a l'estat 47
    IDEN      fes un shift, i ves a l'estat 48
    CARACTER  fes un shift, i ves a l'estat 49
    BOOLEAN   fes un shift, i ves a l'estat 60
    CADENA    fes un shift, i ves a l'estat 51
    NOT       fes un shift, i ves a l'estat 61
    '-'       fes un shift, i ves a l'estat 52
    '('       fes un shift, i ves a l'estat 62

    crida_a_funcio  ves a l'estat 55
    expr            ves a l'estat 63
    condicio        ves a l'estat 141


Estat 139

   28 final_if: '}' ELSE '(' condicio ')' • '{' llista_inst final_if

    '{'  fes un shift, i ves a l'estat 142


Estat 140

   29 final_if: '}' ELSE '{' llista_inst '}' •

    $default  redueix usant la regla 29 (final_if)


Estat 141

   14 instruccio_for: FOR1 '(' llista_inst ')' FOR2 '(' llista_inst ')' FOR3 '(' condicio • ')' '{' llista_inst '}'
   55 condicio: condicio • AND condicio
   56         | condicio • OR condicio
   57         | condicio • IMPLICA condicio
   58         | condicio • IMPLICADOB condicio

    AND         fes un shift, i ves a l'estat 91
    OR          fes un shift, i ves a l'estat 92
    IMPLICA     fes un shift, i ves a l'estat 93
    IMPLICADOB  fes un shift, i ves a l'estat 94
    ')'         fes un shift, i ves a l'estat 143


Estat 142

   28 final_if: '}' ELSE '(' condicio ')' '{' • llista_inst final_if

    error   fes un shift, i ves a l'estat 1
    INT     fes un shift, i ves a l'estat 2
    BOOL    fes un shift, i ves a l'estat 3
    CHAR    fes un shift, i ves a l'estat 4
    FLOAT   fes un shift, i ves a l'estat 5
    IDEN    fes un shift, i ves a l'estat 6
    STRING  fes un shift, i ves a l'estat 7
    IF      fes un shift, i ves a l'estat 8
    DO      fes un shift, i ves a l'estat 9
    WHILE   fes un shift, i ves a l'estat 10
    FOR1    fes un shift, i ves a l'estat 11

    llista_inst       ves a l'estat 144
    instruccio        ves a l'estat 14
    instruccio_for    ves a l'estat 15
    instruccio_do     ves a l'estat 16
    instruccio_while  ves a l'estat 17
    crida_a_funcio    ves a l'estat 18
    operacio          ves a l'estat 19
    instruccio_if     ves a l'estat 20
    assignacio        ves a l'estat 21
    declaracio        ves a l'estat 22
    tipus             ves a l'estat 23


Estat 143

   14 instruccio_for: FOR1 '(' llista_inst ')' FOR2 '(' llista_inst ')' FOR3 '(' condicio ')' • '{' llista_inst '}'

    '{'  fes un shift, i ves a l'estat 145


Estat 144

    4 llista_inst: llista_inst • instruccio
   28 final_if: '}' ELSE '(' condicio ')' '{' llista_inst • final_if

    error   fes un shift, i ves a l'estat 1
    INT     fes un shift, i ves a l'estat 2
    BOOL    fes un shift, i ves a l'estat 3
    CHAR    fes un shift, i ves a l'estat 4
    FLOAT   fes un shift, i ves a l'estat 5
    IDEN    fes un shift, i ves a l'estat 6
    STRING  fes un shift, i ves a l'estat 7
    IF      fes un shift, i ves a l'estat 8
    DO      fes un shift, i ves a l'estat 9
    WHILE   fes un shift, i ves a l'estat 10
    FOR1    fes un shift, i ves a l'estat 11
    '}'     fes un shift, i ves a l'estat 124

    instruccio        ves a l'estat 37
    instruccio_for    ves a l'estat 15
    instruccio_do     ves a l'estat 16
    instruccio_while  ves a l'estat 17
    crida_a_funcio    ves a l'estat 18
    operacio          ves a l'estat 19
    instruccio_if     ves a l'estat 20
    final_if          ves a l'estat 146
    assignacio        ves a l'estat 21
    declaracio        ves a l'estat 22
    tipus             ves a l'estat 23


Estat 145

   14 instruccio_for: FOR1 '(' llista_inst ')' FOR2 '(' llista_inst ')' FOR3 '(' condicio ')' '{' • llista_inst '}'

    error   fes un shift, i ves a l'estat 1
    INT     fes un shift, i ves a l'estat 2
    BOOL    fes un shift, i ves a l'estat 3
    CHAR    fes un shift, i ves a l'estat 4
    FLOAT   fes un shift, i ves a l'estat 5
    IDEN    fes un shift, i ves a l'estat 6
    STRING  fes un shift, i ves a l'estat 7
    IF      fes un shift, i ves a l'estat 8
    DO      fes un shift, i ves a l'estat 9
    WHILE   fes un shift, i ves a l'estat 10
    FOR1    fes un shift, i ves a l'estat 11

    llista_inst       ves a l'estat 147
    instruccio        ves a l'estat 14
    instruccio_for    ves a l'estat 15
    instruccio_do     ves a l'estat 16
    instruccio_while  ves a l'estat 17
    crida_a_funcio    ves a l'estat 18
    operacio          ves a l'estat 19
    instruccio_if     ves a l'estat 20
    assignacio        ves a l'estat 21
    declaracio        ves a l'estat 22
    tipus             ves a l'estat 23


Estat 146

   28 final_if: '}' ELSE '(' condicio ')' '{' llista_inst final_if •

    $default  redueix usant la regla 28 (final_if)


Estat 147

    4 llista_inst: llista_inst • instruccio
   14 instruccio_for: FOR1 '(' llista_inst ')' FOR2 '(' llista_inst ')' FOR3 '(' condicio ')' '{' llista_inst • '}'

    error   fes un shift, i ves a l'estat 1
    INT     fes un shift, i ves a l'estat 2
    BOOL    fes un shift, i ves a l'estat 3
    CHAR    fes un shift, i ves a l'estat 4
    FLOAT   fes un shift, i ves a l'estat 5
    IDEN    fes un shift, i ves a l'estat 6
    STRING  fes un shift, i ves a l'estat 7
    IF      fes un shift, i ves a l'estat 8
    DO      fes un shift, i ves a l'estat 9
    WHILE   fes un shift, i ves a l'estat 10
    FOR1    fes un shift, i ves a l'estat 11
    '}'     fes un shift, i ves a l'estat 148

    instruccio        ves a l'estat 37
    instruccio_for    ves a l'estat 15
    instruccio_do     ves a l'estat 16
    instruccio_while  ves a l'estat 17
    crida_a_funcio    ves a l'estat 18
    operacio          ves a l'estat 19
    instruccio_if     ves a l'estat 20
    assignacio        ves a l'estat 21
    declaracio        ves a l'estat 22
    tipus             ves a l'estat 23


Estat 148

   14 instruccio_for: FOR1 '(' llista_inst ')' FOR2 '(' llista_inst ')' FOR3 '(' condicio ')' '{' llista_inst '}' •

    $default  redueix usant la regla 14 (instruccio_for)
