Gramàtica

    0 $accept: calculadora $end

    1 calculadora: ε
    2            | calculadora sentencia

    3 sentencia: '\n'
    4          | expr ';' '\n'
    5          | error '\n'

    6 expr: '(' expr ')'
    7     | expr OPERADOR expr
    8     | '!' expr
    9     | REG


Terminals, amb regles on apareixen

    $end (0) 0
    '\n' (10) 3 4 5
    '!' (33) 8
    '(' (40) 6
    ')' (41) 6
    ';' (59) 4
    error (256) 5
    OPERADOR <optipus> (258) 7
    REG <reg> (259) 9
    UMENYS (260)


No-terminals, amb regles on apareixen

    $accept (11)
        on left: 0
    calculadora <expression> (12)
        on left: 1 2
        on right: 0 2
    sentencia <expression> (13)
        on left: 3 4 5
        on right: 2
    expr <expression> (14)
        on left: 6 7 8 9
        on right: 4 6 7 8


Estat 0

    0 $accept: • calculadora $end

    $default  redueix usant la regla 1 (calculadora)

    calculadora  ves a l'estat 1


Estat 1

    0 $accept: calculadora • $end
    2 calculadora: calculadora • sentencia

    $end   fes un shift, i ves a l'estat 2
    error  fes un shift, i ves a l'estat 3
    REG    fes un shift, i ves a l'estat 4
    '\n'   fes un shift, i ves a l'estat 5
    '('    fes un shift, i ves a l'estat 6
    '!'    fes un shift, i ves a l'estat 7

    sentencia  ves a l'estat 8
    expr       ves a l'estat 9


Estat 2

    0 $accept: calculadora $end •

    $default  accepta


Estat 3

    5 sentencia: error • '\n'

    '\n'  fes un shift, i ves a l'estat 10


Estat 4

    9 expr: REG •

    $default  redueix usant la regla 9 (expr)


Estat 5

    3 sentencia: '\n' •

    $default  redueix usant la regla 3 (sentencia)


Estat 6

    6 expr: '(' • expr ')'

    REG  fes un shift, i ves a l'estat 4
    '('  fes un shift, i ves a l'estat 6
    '!'  fes un shift, i ves a l'estat 7

    expr  ves a l'estat 11


Estat 7

    8 expr: '!' • expr

    REG  fes un shift, i ves a l'estat 4
    '('  fes un shift, i ves a l'estat 6
    '!'  fes un shift, i ves a l'estat 7

    expr  ves a l'estat 12


Estat 8

    2 calculadora: calculadora sentencia •

    $default  redueix usant la regla 2 (calculadora)


Estat 9

    4 sentencia: expr • ';' '\n'
    7 expr: expr • OPERADOR expr

    OPERADOR  fes un shift, i ves a l'estat 13
    ';'       fes un shift, i ves a l'estat 14


Estat 10

    5 sentencia: error '\n' •

    $default  redueix usant la regla 5 (sentencia)


Estat 11

    6 expr: '(' expr • ')'
    7     | expr • OPERADOR expr

    OPERADOR  fes un shift, i ves a l'estat 13
    ')'       fes un shift, i ves a l'estat 15


Estat 12

    7 expr: expr • OPERADOR expr
    8     | '!' expr •

    $default  redueix usant la regla 8 (expr)


Estat 13

    7 expr: expr OPERADOR • expr

    REG  fes un shift, i ves a l'estat 4
    '('  fes un shift, i ves a l'estat 6
    '!'  fes un shift, i ves a l'estat 7

    expr  ves a l'estat 16


Estat 14

    4 sentencia: expr ';' • '\n'

    '\n'  fes un shift, i ves a l'estat 17


Estat 15

    6 expr: '(' expr ')' •

    $default  redueix usant la regla 6 (expr)


Estat 16

    7 expr: expr • OPERADOR expr
    7     | expr OPERADOR expr •

    $default  redueix usant la regla 7 (expr)


Estat 17

    4 sentencia: expr ';' '\n' •

    $default  redueix usant la regla 4 (sentencia)
